# JRE version: OpenJDK Runtime Environment (11.0.13) (build 11.0.13+0-b1751.21-8125866)
# Java VM: OpenJDK 64-Bit Server VM (11.0.13+0-b1751.21-8125866, mixed mode, tiered, compressed oops, g1 gc, windows-amd64)
Heap:
 garbage-first heap   total 129024K, used 10200K [0x0000000082c00000, 0x0000000100000000)
  region size 1024K, 3 young (3072K), 3 survivors (3072K)
 Metaspace       used 14227K, capacity 14523K, committed 14592K, reserved 1071104K
  class space    used 1623K, capacity 1737K, committed 1792K, reserved 1048576K
GC Heap History (6 events):
Event: 1.994 GC heap before
{Heap before GC invocations=0 (full 0):
 garbage-first heap   total 129024K, used 16384K [0x0000000082c00000, 0x0000000100000000)
  region size 1024K, 14 young (14336K), 0 survivors (0K)
 Metaspace       used 8394K, capacity 8612K, committed 8832K, reserved 1056768K
  class space    used 750K, capacity 823K, committed 896K, reserved 1048576K
}
Event: 2.025 GC heap after
{Heap after GC invocations=1 (full 0):
 garbage-first heap   total 129024K, used 3498K [0x0000000082c00000, 0x0000000100000000)
  region size 1024K, 2 young (2048K), 2 survivors (2048K)
 Metaspace       used 8394K, capacity 8612K, committed 8832K, reserved 1056768K
  class space    used 750K, capacity 823K, committed 896K, reserved 1048576K
}
Event: 2.846 GC heap before
{Heap before GC invocations=1 (full 0):
 garbage-first heap   total 129024K, used 18858K [0x0000000082c00000, 0x0000000100000000)
  region size 1024K, 14 young (14336K), 2 survivors (2048K)
 Metaspace       used 11054K, capacity 11321K, committed 11520K, reserved 1058816K
  class space    used 1154K, capacity 1241K, committed 1280K, reserved 1048576K
}
Event: 2.851 GC heap after
{Heap after GC invocations=2 (full 0):
 garbage-first heap   total 129024K, used 9602K [0x0000000082c00000, 0x0000000100000000)
  region size 1024K, 2 young (2048K), 2 survivors (2048K)
 Metaspace       used 11054K, capacity 11321K, committed 11520K, reserved 1058816K
  class space    used 1154K, capacity 1241K, committed 1280K, reserved 1048576K
}
Event: 5.189 GC heap before
{Heap before GC invocations=2 (full 0):
 garbage-first heap   total 129024K, used 21890K [0x0000000082c00000, 0x0000000100000000)
  region size 1024K, 15 young (15360K), 2 survivors (2048K)
 Metaspace       used 14227K, capacity 14523K, committed 14592K, reserved 1069056K
  class space    used 1623K, capacity 1737K, committed 1792K, reserved 1048576K
}
Event: 5.196 GC heap after
{Heap after GC invocations=3 (full 0):
 garbage-first heap   total 129024K, used 10200K [0x0000000082c00000, 0x0000000100000000)
  region size 1024K, 3 young (3072K), 3 survivors (3072K)
 Metaspace       used 14227K, capacity 14523K, committed 14592K, reserved 1069056K
  class space    used 1623K, capacity 1737K, committed 1792K, reserved 1048576K
}

