# JRE version: OpenJDK Runtime Environment (11.0.13) (build 11.0.13+0-b1751.21-8125866)
# Java VM: OpenJDK 64-Bit Server VM (11.0.13+0-b1751.21-8125866, mixed mode, tiered, compressed oops, g1 gc, windows-amd64)
Heap:
 garbage-first heap   total 373760K, used 180839K [0x00000000a0000000, 0x0000000100000000)
  region size 1024K, 67 young (68608K), 2 survivors (2048K)
 Metaspace       used 106558K, capacity 109526K, committed 109648K, reserved 1144832K
  class space    used 13182K, capacity 14267K, committed 14336K, reserved 1048576K
GC Heap History (20 events):
Event: 1357.873 GC heap before
{Heap before GC invocations=51 (full 0):
 garbage-first heap   total 223232K, used 128187K [0x00000000a0000000, 0x0000000100000000)
  region size 1024K, 20 young (20480K), 7 survivors (7168K)
 Metaspace       used 105100K, capacity 107992K, committed 108112K, reserved 1142784K
  class space    used 13177K, capacity 14271K, committed 14336K, reserved 1048576K
}
Event: 1357.897 GC heap after
{Heap after GC invocations=52 (full 0):
 garbage-first heap   total 223232K, used 118702K [0x00000000a0000000, 0x0000000100000000)
  region size 1024K, 2 young (2048K), 2 survivors (2048K)
 Metaspace       used 105100K, capacity 107992K, committed 108112K, reserved 1142784K
  class space    used 13177K, capacity 14271K, committed 14336K, reserved 1048576K
}
Event: 1360.490 GC heap before
{Heap before GC invocations=53 (full 0):
 garbage-first heap   total 223232K, used 221102K [0x00000000a0000000, 0x0000000100000000)
  region size 1024K, 21 young (21504K), 2 survivors (2048K)
 Metaspace       used 105189K, capacity 108139K, committed 108368K, reserved 1142784K
  class space    used 13179K, capacity 14274K, committed 14336K, reserved 1048576K
}
Event: 1360.500 GC heap after
{Heap after GC invocations=54 (full 0):
 garbage-first heap   total 225280K, used 118992K [0x00000000a0000000, 0x0000000100000000)
  region size 1024K, 2 young (2048K), 2 survivors (2048K)
 Metaspace       used 105189K, capacity 108139K, committed 108368K, reserved 1142784K
  class space    used 13179K, capacity 14274K, committed 14336K, reserved 1048576K
}
Event: 1361.682 GC heap before
{Heap before GC invocations=54 (full 0):
 garbage-first heap   total 256000K, used 254160K [0x00000000a0000000, 0x0000000100000000)
  region size 1024K, 9 young (9216K), 2 survivors (2048K)
 Metaspace       used 105215K, capacity 108143K, committed 108368K, reserved 1142784K
  class space    used 13179K, capacity 14274K, committed 14336K, reserved 1048576K
}
Event: 1361.690 GC heap after
{Heap after GC invocations=55 (full 0):
 garbage-first heap   total 259072K, used 116366K [0x00000000a0000000, 0x0000000100000000)
  region size 1024K, 1 young (1024K), 1 survivors (1024K)
 Metaspace       used 105215K, capacity 108143K, committed 108368K, reserved 1142784K
  class space    used 13179K, capacity 14274K, committed 14336K, reserved 1048576K
}
Event: 1818.141 GC heap before
{Heap before GC invocations=55 (full 0):
 garbage-first heap   total 259072K, used 176782K [0x00000000a0000000, 0x0000000100000000)
  region size 1024K, 61 young (62464K), 1 survivors (1024K)
 Metaspace       used 105481K, capacity 108414K, committed 108624K, reserved 1144832K
  class space    used 13200K, capacity 14308K, committed 14336K, reserved 1048576K
}
Event: 1818.157 GC heap after
{Heap after GC invocations=56 (full 0):
 garbage-first heap   total 259072K, used 121351K [0x00000000a0000000, 0x0000000100000000)
  region size 1024K, 6 young (6144K), 6 survivors (6144K)
 Metaspace       used 105481K, capacity 108414K, committed 108624K, reserved 1144832K
  class space    used 13200K, capacity 14308K, committed 14336K, reserved 1048576K
}
Event: 1830.403 GC heap before
{Heap before GC invocations=56 (full 0):
 garbage-first heap   total 259072K, used 158215K [0x00000000a0000000, 0x0000000100000000)
  region size 1024K, 44 young (45056K), 6 survivors (6144K)
 Metaspace       used 105750K, capacity 108682K, committed 108880K, reserved 1144832K
  class space    used 13210K, capacity 14326K, committed 14336K, reserved 1048576K
}
Event: 1830.421 GC heap after
{Heap after GC invocations=57 (full 0):
 garbage-first heap   total 259072K, used 124592K [0x00000000a0000000, 0x0000000100000000)
  region size 1024K, 4 young (4096K), 4 survivors (4096K)
 Metaspace       used 105750K, capacity 108682K, committed 108880K, reserved 1144832K
  class space    used 13210K, capacity 14326K, committed 14336K, reserved 1048576K
}
Event: 1871.483 GC heap before
{Heap before GC invocations=58 (full 0):
 garbage-first heap   total 365568K, used 364208K [0x00000000a0000000, 0x0000000100000000)
  region size 1024K, 32 young (32768K), 4 survivors (4096K)
 Metaspace       used 105669K, capacity 108505K, committed 108880K, reserved 1144832K
  class space    used 13151K, capacity 14212K, committed 14336K, reserved 1048576K
}
Event: 1871.518 GC heap after
{Heap after GC invocations=59 (full 0):
 garbage-first heap   total 369664K, used 123814K [0x00000000a0000000, 0x0000000100000000)
  region size 1024K, 4 young (4096K), 4 survivors (4096K)
 Metaspace       used 105669K, capacity 108505K, committed 108880K, reserved 1144832K
  class space    used 13151K, capacity 14212K, committed 14336K, reserved 1048576K
}
Event: 2078.672 GC heap before
{Heap before GC invocations=59 (full 0):
 garbage-first heap   total 369664K, used 137126K [0x00000000a0000000, 0x0000000100000000)
  region size 1024K, 18 young (18432K), 4 survivors (4096K)
 Metaspace       used 105757K, capacity 108599K, committed 109136K, reserved 1144832K
  class space    used 13155K, capacity 14219K, committed 14336K, reserved 1048576K
}
Event: 2078.699 GC heap after
{Heap after GC invocations=60 (full 0):
 garbage-first heap   total 369664K, used 110762K [0x00000000a0000000, 0x0000000100000000)
  region size 1024K, 3 young (3072K), 3 survivors (3072K)
 Metaspace       used 105757K, capacity 108599K, committed 109136K, reserved 1144832K
  class space    used 13155K, capacity 14219K, committed 14336K, reserved 1048576K
}
Event: 2091.566 GC heap before
{Heap before GC invocations=60 (full 0):
 garbage-first heap   total 369664K, used 237738K [0x00000000a0000000, 0x0000000100000000)
  region size 1024K, 80 young (81920K), 3 survivors (3072K)
 Metaspace       used 106154K, capacity 109132K, committed 109392K, reserved 1144832K
  class space    used 13171K, capacity 14248K, committed 14336K, reserved 1048576K
}
Event: 2091.591 GC heap after
{Heap after GC invocations=61 (full 0):
 garbage-first heap   total 369664K, used 161223K [0x00000000a0000000, 0x0000000100000000)
  region size 1024K, 9 young (9216K), 9 survivors (9216K)
 Metaspace       used 106154K, capacity 109132K, committed 109392K, reserved 1144832K
  class space    used 13171K, capacity 14248K, committed 14336K, reserved 1048576K
}
Event: 2905.857 GC heap before
{Heap before GC invocations=62 (full 0):
 garbage-first heap   total 369664K, used 368071K [0x00000000a0000000, 0x0000000100000000)
  region size 1024K, 53 young (54272K), 9 survivors (9216K)
 Metaspace       used 106324K, capacity 109329K, committed 109648K, reserved 1144832K
  class space    used 13181K, capacity 14267K, committed 14336K, reserved 1048576K
}
Event: 2905.865 GC heap after
{Heap after GC invocations=63 (full 0):
 garbage-first heap   total 373760K, used 116415K [0x00000000a0000000, 0x0000000100000000)
  region size 1024K, 2 young (2048K), 2 survivors (2048K)
 Metaspace       used 106324K, capacity 109329K, committed 109648K, reserved 1144832K
  class space    used 13181K, capacity 14267K, committed 14336K, reserved 1048576K
}
Event: 3352.441 GC heap before
{Heap before GC invocations=63 (full 0):
 garbage-first heap   total 373760K, used 132799K [0x00000000a0000000, 0x0000000100000000)
  region size 1024K, 18 young (18432K), 2 survivors (2048K)
 Metaspace       used 106331K, capacity 109329K, committed 109648K, reserved 1144832K
  class space    used 13181K, capacity 14267K, committed 14336K, reserved 1048576K
}
Event: 3352.447 GC heap after
{Heap after GC invocations=64 (full 0):
 garbage-first heap   total 373760K, used 116327K [0x00000000a0000000, 0x0000000100000000)
  region size 1024K, 2 young (2048K), 2 survivors (2048K)
 Metaspace       used 106331K, capacity 109329K, committed 109648K, reserved 1144832K
  class space    used 13181K, capacity 14267K, committed 14336K, reserved 1048576K
}

