# JRE version: OpenJDK Runtime Environment (11.0.13) (build 11.0.13+0-b1751.21-8125866)
# Java VM: OpenJDK 64-Bit Server VM (11.0.13+0-b1751.21-8125866, mixed mode, tiered, compressed oops, g1 gc, windows-amd64)
Heap:
 garbage-first heap   total 257024K, used 145539K [0x00000000a0000000, 0x0000000100000000)
  region size 1024K, 32 young (32768K), 5 survivors (5120K)
 Metaspace       used 105507K, capacity 108314K, committed 108880K, reserved 1144832K
  class space    used 13140K, capacity 14199K, committed 14336K, reserved 1048576K
GC Heap History (20 events):
Event: 49.680 GC heap before
{Heap before GC invocations=35 (full 0):
 garbage-first heap   total 223232K, used 193434K [0x00000000a0000000, 0x0000000100000000)
  region size 1024K, 25 young (25600K), 2 survivors (2048K)
 Metaspace       used 99566K, capacity 102374K, committed 102480K, reserved 1138688K
  class space    used 12765K, capacity 13824K, committed 13824K, reserved 1048576K
}
Event: 49.690 GC heap after
{Heap after GC invocations=36 (full 0):
 garbage-first heap   total 223232K, used 105755K [0x00000000a0000000, 0x0000000100000000)
  region size 1024K, 4 young (4096K), 4 survivors (4096K)
 Metaspace       used 99566K, capacity 102374K, committed 102480K, reserved 1138688K
  class space    used 12765K, capacity 13824K, committed 13824K, reserved 1048576K
}
Event: 51.199 GC heap before
{Heap before GC invocations=37 (full 0):
 garbage-first heap   total 223232K, used 121115K [0x00000000a0000000, 0x0000000100000000)
  region size 1024K, 21 young (21504K), 4 survivors (4096K)
 Metaspace       used 100118K, capacity 102924K, committed 103120K, reserved 1138688K
  class space    used 12842K, capacity 13899K, committed 13952K, reserved 1048576K
}
Event: 51.211 GC heap after
{Heap after GC invocations=38 (full 0):
 garbage-first heap   total 223232K, used 106286K [0x00000000a0000000, 0x0000000100000000)
  region size 1024K, 5 young (5120K), 5 survivors (5120K)
 Metaspace       used 100118K, capacity 102924K, committed 103120K, reserved 1138688K
  class space    used 12842K, capacity 13899K, committed 13952K, reserved 1048576K
}
Event: 51.839 GC heap before
{Heap before GC invocations=39 (full 0):
 garbage-first heap   total 223232K, used 151342K [0x00000000a0000000, 0x0000000100000000)
  region size 1024K, 6 young (6144K), 5 survivors (5120K)
 Metaspace       used 100130K, capacity 102924K, committed 103120K, reserved 1138688K
  class space    used 12843K, capacity 13899K, committed 13952K, reserved 1048576K
}
Event: 51.851 GC heap after
{Heap after GC invocations=40 (full 0):
 garbage-first heap   total 223232K, used 116809K [0x00000000a0000000, 0x0000000100000000)
  region size 1024K, 4 young (4096K), 4 survivors (4096K)
 Metaspace       used 100130K, capacity 102924K, committed 103120K, reserved 1138688K
  class space    used 12843K, capacity 13899K, committed 13952K, reserved 1048576K
}
Event: 52.411 GC heap before
{Heap before GC invocations=41 (full 0):
 garbage-first heap   total 223232K, used 168009K [0x00000000a0000000, 0x0000000100000000)
  region size 1024K, 5 young (5120K), 4 survivors (4096K)
 Metaspace       used 100130K, capacity 102924K, committed 103120K, reserved 1138688K
  class space    used 12843K, capacity 13899K, committed 13952K, reserved 1048576K
}
Event: 52.421 GC heap after
{Heap after GC invocations=42 (full 0):
 garbage-first heap   total 223232K, used 112464K [0x00000000a0000000, 0x0000000100000000)
  region size 1024K, 4 young (4096K), 4 survivors (4096K)
 Metaspace       used 100130K, capacity 102924K, committed 103120K, reserved 1138688K
  class space    used 12843K, capacity 13899K, committed 13952K, reserved 1048576K
}
Event: 854.611 GC heap before
{Heap before GC invocations=43 (full 0):
 garbage-first heap   total 223232K, used 194384K [0x00000000a0000000, 0x0000000100000000)
  region size 1024K, 52 young (53248K), 4 survivors (4096K)
 Metaspace       used 103959K, capacity 106833K, committed 107088K, reserved 1142784K
  class space    used 13154K, capacity 14237K, committed 14336K, reserved 1048576K
}
Event: 854.622 GC heap after
{Heap after GC invocations=44 (full 0):
 garbage-first heap   total 223232K, used 107181K [0x00000000a0000000, 0x0000000100000000)
  region size 1024K, 4 young (4096K), 4 survivors (4096K)
 Metaspace       used 103959K, capacity 106833K, committed 107088K, reserved 1142784K
  class space    used 13154K, capacity 14237K, committed 14336K, reserved 1048576K
}
Event: 979.179 GC heap before
{Heap before GC invocations=44 (full 0):
 garbage-first heap   total 223232K, used 163501K [0x00000000a0000000, 0x0000000100000000)
  region size 1024K, 59 young (60416K), 4 survivors (4096K)
 Metaspace       used 104719K, capacity 107646K, committed 107856K, reserved 1142784K
  class space    used 13167K, capacity 14262K, committed 14336K, reserved 1048576K
}
Event: 979.234 GC heap after
{Heap after GC invocations=45 (full 0):
 garbage-first heap   total 223232K, used 113573K [0x00000000a0000000, 0x0000000100000000)
  region size 1024K, 8 young (8192K), 8 survivors (8192K)
 Metaspace       used 104719K, capacity 107646K, committed 107856K, reserved 1142784K
  class space    used 13167K, capacity 14262K, committed 14336K, reserved 1048576K
}
Event: 992.502 GC heap before
{Heap before GC invocations=46 (full 0):
 garbage-first heap   total 223232K, used 147365K [0x00000000a0000000, 0x0000000100000000)
  region size 1024K, 43 young (44032K), 8 survivors (8192K)
 Metaspace       used 105064K, capacity 107986K, committed 108112K, reserved 1142784K
  class space    used 13174K, capacity 14273K, committed 14336K, reserved 1048576K
}
Event: 992.525 GC heap after
{Heap after GC invocations=47 (full 0):
 garbage-first heap   total 223232K, used 116197K [0x00000000a0000000, 0x0000000100000000)
  region size 1024K, 3 young (3072K), 3 survivors (3072K)
 Metaspace       used 105064K, capacity 107986K, committed 108112K, reserved 1142784K
  class space    used 13174K, capacity 14273K, committed 14336K, reserved 1048576K
}
Event: 995.124 GC heap before
{Heap before GC invocations=48 (full 0):
 garbage-first heap   total 223232K, used 221669K [0x00000000a0000000, 0x0000000100000000)
  region size 1024K, 25 young (25600K), 3 survivors (3072K)
 Metaspace       used 105157K, capacity 108068K, committed 108368K, reserved 1142784K
  class space    used 13175K, capacity 14276K, committed 14336K, reserved 1048576K
}
Event: 995.134 GC heap after
{Heap after GC invocations=49 (full 0):
 garbage-first heap   total 227328K, used 116729K [0x00000000a0000000, 0x0000000100000000)
  region size 1024K, 4 young (4096K), 4 survivors (4096K)
 Metaspace       used 105157K, capacity 108068K, committed 108368K, reserved 1142784K
  class space    used 13175K, capacity 14276K, committed 14336K, reserved 1048576K
}
Event: 997.089 GC heap before
{Heap before GC invocations=49 (full 0):
 garbage-first heap   total 251904K, used 249849K [0x00000000a0000000, 0x0000000100000000)
  region size 1024K, 8 young (8192K), 4 survivors (4096K)
 Metaspace       used 105162K, capacity 108068K, committed 108368K, reserved 1142784K
  class space    used 13175K, capacity 14276K, committed 14336K, reserved 1048576K
}
Event: 997.097 GC heap after
{Heap after GC invocations=50 (full 0):
 garbage-first heap   total 257024K, used 116137K [0x00000000a0000000, 0x0000000100000000)
  region size 1024K, 2 young (2048K), 2 survivors (2048K)
 Metaspace       used 105162K, capacity 108068K, committed 108368K, reserved 1142784K
  class space    used 13175K, capacity 14276K, committed 14336K, reserved 1048576K
}
Event: 1763.798 GC heap before
{Heap before GC invocations=50 (full 0):
 garbage-first heap   total 257024K, used 174505K [0x00000000a0000000, 0x0000000100000000)
  region size 1024K, 60 young (61440K), 2 survivors (2048K)
 Metaspace       used 105456K, capacity 108397K, committed 108624K, reserved 1144832K
  class space    used 13195K, capacity 14306K, committed 14336K, reserved 1048576K
}
Event: 1763.829 GC heap after
{Heap after GC invocations=51 (full 0):
 garbage-first heap   total 257024K, used 119939K [0x00000000a0000000, 0x0000000100000000)
  region size 1024K, 5 young (5120K), 5 survivors (5120K)
 Metaspace       used 105456K, capacity 108397K, committed 108624K, reserved 1144832K
  class space    used 13195K, capacity 14306K, committed 14336K, reserved 1048576K
}

